<?xml version="1.0" encoding="UTF-8"?>
<!-- Generated by org.testng.reporters.JUnitReportReporter -->
<testsuite hostname="DESKTOP-QAKCE32" failures="0" tests="2" name="com.Testes.IndexPageTest" time="21.044" errors="0" timestamp="2024-04-20T19:36:25 IST" skipped="0">
  <testcase classname="com.Testes.IndexPageTest" name="verifyLogo" time="8.839"/>
  <system-out/>
  <testcase classname="com.Testes.IndexPageTest" name="verifyTitle" time="12.205"/>
  <system-out/>
</testsuite> <!-- com.Testes.IndexPageTest -->
