<?xml version="1.0" encoding="UTF-8"?>
<!-- Generated by org.testng.reporters.JUnitReportReporter -->
<testsuite hostname="DESKTOP-QAKCE32" failures="0" tests="1" name="com.Testes.AddToCartPageTest" time="36.558" errors="0" timestamp="2024-04-18T22:49:18 IST" skipped="0">
  <testcase classname="com.Testes.AddToCartPageTest" name="verifyAddToCartProd" time="36.558"/>
  <system-out/>
</testsuite> <!-- com.Testes.AddToCartPageTest -->
