<?xml version="1.0" encoding="UTF-8"?>
<!-- Generated by org.testng.reporters.JUnitReportReporter -->
<testsuite hostname="DESKTOP-QAKCE32" failures="0" tests="1" name="com.Testes.SearchResultPageTest" time="10.114" errors="0" timestamp="2024-04-18T17:24:18 IST" skipped="0">
  <testcase classname="com.Testes.SearchResultPageTest" name="verifyAvaliblityProduct" time="10.114"/>
  <system-out/>
</testsuite> <!-- com.Testes.SearchResultPageTest -->
