<?xml version="1.0" encoding="UTF-8"?>
<!-- Generated by org.testng.reporters.JUnitReportReporter -->
<testsuite hostname="DESKTOP-QAKCE32" failures="0" tests="2" name="com.Testes.IndexPageTest" time="17.158" errors="0" timestamp="2024-04-18T17:24:18 IST" skipped="0">
  <testcase classname="com.Testes.IndexPageTest" name="verifyLogo" time="9.527"/>
  <system-out/>
  <testcase classname="com.Testes.IndexPageTest" name="verifyTitle" time="7.631"/>
  <system-out/>
</testsuite> <!-- com.Testes.IndexPageTest -->
