<?xml version="1.0" encoding="UTF-8"?>
<!-- Generated by org.testng.reporters.JUnitReportReporter -->
<testsuite hostname="DESKTOP-QAKCE32" failures="0" tests="1" name="com.Testes.LoginPageTest" time="13.282" errors="0" timestamp="2024-04-23T16:59:10 IST" skipped="0">
  <testcase classname="com.Testes.LoginPageTest" name="verifyLoginTest" time="13.282"/>
  <system-out/>
</testsuite> <!-- com.Testes.LoginPageTest -->
