<?xml version="1.0" encoding="UTF-8"?>
<!-- Generated by org.testng.reporters.JUnitReportReporter -->
<testsuite hostname="DESKTOP-QAKCE32" failures="0" tests="2" name="com.Testes.IndexPageTest" time="19.247" errors="0" timestamp="2024-04-17T17:44:24 IST" skipped="0">
  <testcase classname="com.Testes.IndexPageTest" name="verifyTitle" time="7.983"/>
  <system-out/>
  <testcase classname="com.Testes.IndexPageTest" name="verifyLogo" time="11.264"/>
  <system-out/>
</testsuite> <!-- com.Testes.IndexPageTest -->
