<?xml version="1.0" encoding="UTF-8"?>
<!-- Generated by org.testng.reporters.JUnitReportReporter -->
<testsuite hostname="DESKTOP-QAKCE32" failures="0" tests="1" name="com.Testes.AccountCreationTestPage" time="11.154" errors="0" timestamp="2024-04-17T17:44:24 IST" skipped="0">
  <testcase classname="com.Testes.AccountCreationTestPage" name="verifyCreateAccountPageTest" time="11.154"/>
  <system-out/>
</testsuite> <!-- com.Testes.AccountCreationTestPage -->
